Replace Part C12 CAP  0603 10 pF ±5% 50V in E:\Mohamed Ebrahmed Altium\Temperature Sensor\MCU_.SchDoc with CAP  0603 10 pF ±5% 50V from Temperature project symbols.SchLib
Replace Part C13 CAP  0603 10 pF ±5% 50V in E:\Mohamed Ebrahmed Altium\Temperature Sensor\MCU_.SchDoc with CAP  0603 10 pF ±5% 50V from Temperature project symbols.SchLib
Replace Part C14 CAP  0603 10 nF ±10% 25V in E:\Mohamed Ebrahmed Altium\Temperature Sensor\MCU_.SchDoc with CAP  0603 10 nF ±10% 25V from Temperature project symbols.SchLib
Replace Part C15 CAP  0603 1 µF ±10% 25V in E:\Mohamed Ebrahmed Altium\Temperature Sensor\MCU_.SchDoc with CAP  0603 1 µF ±10% 25V from Temperature project symbols.SchLib
Replace Part C16 CAP  0603 4.7 µF ±10% 35V in E:\Mohamed Ebrahmed Altium\Temperature Sensor\MCU_.SchDoc with CAP  0603 4.7 µF ±10% 35V from Temperature project symbols.SchLib
Replace Part C20 CAP  0603 10 pF ±5% 50V in E:\Mohamed Ebrahmed Altium\Temperature Sensor\MCU_.SchDoc with CAP  0603 10 pF ±5% 50V from Temperature project symbols.SchLib
Replace Part C21 CAP  0603 10 pF ±5% 50V in E:\Mohamed Ebrahmed Altium\Temperature Sensor\MCU_.SchDoc with CAP  0603 10 pF ±5% 50V from Temperature project symbols.SchLib
Replace Part C22 CAP  0603 100 nF 10% 50 V in E:\Mohamed Ebrahmed Altium\Temperature Sensor\MCU_.SchDoc with CAP  0603 100 nF 10% 50 V from Temperature project symbols.SchLib
Replace Part D1 LED GREEN in E:\Mohamed Ebrahmed Altium\Temperature Sensor\MCU_.SchDoc with LED GREEN from Temperature project symbols.SchLib
Replace Part D2 LED GREEN in E:\Mohamed Ebrahmed Altium\Temperature Sensor\MCU_.SchDoc with LED GREEN from Temperature project symbols.SchLib
Replace Part D3 LED GREEN in E:\Mohamed Ebrahmed Altium\Temperature Sensor\MCU_.SchDoc with LED GREEN from Temperature project symbols.SchLib
Replace Part J5 POGO Pins in E:\Mohamed Ebrahmed Altium\Temperature Sensor\MCU_.SchDoc with POGO Pins from Temperature project symbols.SchLib
Replace Part J6 Connector Pinheader Female 10x2 in E:\Mohamed Ebrahmed Altium\Temperature Sensor\MCU_.SchDoc with Connector Pinheader Female 10x2 from Temperature project symbols.SchLib
Replace Part J7 BOOT0 and BOOT 1 connector in E:\Mohamed Ebrahmed Altium\Temperature Sensor\MCU_.SchDoc with BOOT0 and BOOT 1 connector from Temperature project symbols.SchLib
Replace Part J8 Connector Pinheader Female 10x2 in E:\Mohamed Ebrahmed Altium\Temperature Sensor\MCU_.SchDoc with Connector Pinheader Female 10x2 from Temperature project symbols.SchLib
Replace Part J9 Connector USB MICRO in E:\Mohamed Ebrahmed Altium\Temperature Sensor\MCU_.SchDoc with Connector USB MICRO from Temperature project symbols.SchLib
Replace Part R3 RES  0603 1kR ±1% 0.1W in E:\Mohamed Ebrahmed Altium\Temperature Sensor\MCU_.SchDoc with RES  0603 1kR ±1% 0.1W from Temperature project symbols.SchLib
Replace Part R4 RES  0603 10KR ±1% 0.1W, 1/10W in E:\Mohamed Ebrahmed Altium\Temperature Sensor\MCU_.SchDoc with RES  0603 10KR ±1% 0.1W, 1/10W from Temperature project symbols.SchLib
Replace Part R5 RES  0603 4.7 kOhms ±1% 0.1W, 1/10W in E:\Mohamed Ebrahmed Altium\Temperature Sensor\MCU_.SchDoc with RES  0603 4.7 kOhms ±1% 0.1W, 1/10W from Temperature project symbols.SchLib
Replace Part R6 RES  0603 4.7 kOhms ±1% 0.1W, 1/10W in E:\Mohamed Ebrahmed Altium\Temperature Sensor\MCU_.SchDoc with RES  0603 4.7 kOhms ±1% 0.1W, 1/10W from Temperature project symbols.SchLib
Replace Part R7 RES  0603 1kR ±1% 0.1W in E:\Mohamed Ebrahmed Altium\Temperature Sensor\MCU_.SchDoc with RES  0603 1kR ±1% 0.1W from Temperature project symbols.SchLib
Replace Part R8 RES  0603 1kR ±1% 0.1W in E:\Mohamed Ebrahmed Altium\Temperature Sensor\MCU_.SchDoc with RES  0603 1kR ±1% 0.1W from Temperature project symbols.SchLib
Replace Part R9 RES  0603 10KR ±1% 0.1W, 1/10W in E:\Mohamed Ebrahmed Altium\Temperature Sensor\MCU_.SchDoc with RES  0603 10KR ±1% 0.1W, 1/10W from Temperature project symbols.SchLib
Replace Part R10 RES  0603 10KR ±1% 0.1W, 1/10W in E:\Mohamed Ebrahmed Altium\Temperature Sensor\MCU_.SchDoc with RES  0603 10KR ±1% 0.1W, 1/10W from Temperature project symbols.SchLib
Replace Part R11 RES  0603 4.7 kOhms ±1% 0.1W, 1/10W in E:\Mohamed Ebrahmed Altium\Temperature Sensor\MCU_.SchDoc with RES  0603 4.7 kOhms ±1% 0.1W, 1/10W from Temperature project symbols.SchLib
Replace Part SB1 TS-1187A-B-A-B in E:\Mohamed Ebrahmed Altium\Temperature Sensor\MCU_.SchDoc with TS-1187A-B-A-B from Temperature project symbols.SchLib
Replace Part U5 STM32F103C8T6 in E:\Mohamed Ebrahmed Altium\Temperature Sensor\MCU_.SchDoc with STM32F103C8T6 from Temperature project symbols.SchLib
Replace Part U6 TPUSBLC6-2SC6 in E:\Mohamed Ebrahmed Altium\Temperature Sensor\MCU_.SchDoc with TPUSBLC6-2SC6 from Temperature project symbols.SchLib
Replace Part XBT1 VBAT in E:\Mohamed Ebrahmed Altium\Temperature Sensor\MCU_.SchDoc with VBAT from Temperature project symbols.SchLib
Replace Part Y1 Crystal 32.768kHz in E:\Mohamed Ebrahmed Altium\Temperature Sensor\MCU_.SchDoc with Crystal 32.768kHz from Temperature project symbols.SchLib
Replace Part Y2 Crystal 10pF ±10ppm ±15ppm SMD3225 in E:\Mohamed Ebrahmed Altium\Temperature Sensor\MCU_.SchDoc with Crystal 10pF ±10ppm ±15ppm SMD3225 from Temperature project symbols.SchLib
