Removed Pin From Net: NetName=PA8 Pin=J8-13
Removed Pin From Net: NetName=PA7 Pin=J8-14
Removed Pin From Net: NetName=PA6 Pin=J8-15
Removed Pin From Net: NetName=PA5 Pin=J8-16
Removed Pin From Net: NetName=PA4 Pin=J8-17
Removed Pin From Net: NetName=PA3 Pin=J8-18
Removed Pin From Net: NetName=PB1 Pin=J8-19
Removed Pin From Net: NetName=PB0 Pin=J8-20
Change Component DesignItemId : Designator=L1 Old DesignItemId=IND  12.3x12.3mm 68uH ±20% 140mO_1 New DesignItemId=IND  12.3x12.3mm 68uH ±20% 140mO_1
Change Component Description : Designator=J1 Old Description=- Display: 0.95" Inch 7 Pin Colorful 65K SPI OLED Display Module SSD1331 9664 Resolution For 51 STM32 Arduino
- Connector: Direct Insert Policy 2.5mm 7P 6mm -40?~+105? 3mm 2.54mm Single Row Black Brass 1x7P Plugin,P=2.54mm Pin Headers ROHS New Description=- Display: 0.95" Inch 7 Pin Colorful 65K SPI OLED Display Module SSD1331 9664 Resolution For 51 STM32 Arduino
- Connector: Direct Insert Policy 2.5mm 7P 6mm -40?~+105? 3mm 2.54mm Single Row Black Brass 1x7P Plugin,P=2.54mm Pin Headers ROHS
Change Component Description : Designator=J9 Old Description=1.8A USB 2.0 1 Horizontal attachment 5P Mother -20?~+85? Micro-B SMD USB Connectors ROHS New Description=1.8A USB 2.0 1 Horizontal attachment 5P Mother -20?~+85? Micro-B SMD USB Connectors ROHS
Change Component Description : Designator=L1 Old Description=2.1A 68uH ±20% 140mO SMD,12.3x12.3mm Inductors (SMD) ROHS New Description=2.1A 68uH ±20% 140mO SMD,12.3x12.3mm Inductors (SMD) ROHS
Change Component Description : Designator=J3 Old Description=2.54mm 2.54mm Double Row 2.5A 6P -40?~+105? Direct Insert 2x3P Top 8.5mm Square Hole Plugin,P=2.54mm Female Headers ROHS New Description=2.54mm 2.54mm Double Row 2.5A 6P -40?~+105? Direct Insert 2x3P Top 8.5mm Square Hole Plugin,P=2.54mm Female Headers ROHS
Change Component Description : Designator=J7 Old Description=2.54mm 2.54mm Double Row 2.5A 6P -40?~+105? Direct Insert 2x3P Top 8.5mm Square Hole Plugin,P=2.54mm Female Headers ROHS New Description=2.54mm 2.54mm Double Row 2.5A 6P -40?~+105? Direct Insert 2x3P Top 8.5mm Square Hole Plugin,P=2.54mm Female Headers ROHS
Change Component Description : Designator=J10 Old Description=Bend-in DC Power Receptacle -20?~+70? 2.5mm 6.3mm 3A 30V Plugin DC Power Connectors ROHS New Description=Bend-in DC Power Receptacle -20?~+70? 2.5mm 6.3mm 3A 30V Plugin DC Power Connectors ROHS
Added Pin To Net: NetName=PB1 Pin=J8-13
Added Pin To Net: NetName=PB0 Pin=J8-14
Added Pin To Net: NetName=PA8 Pin=J8-15
Added Pin To Net: NetName=PA7 Pin=J8-16
Added Pin To Net: NetName=PA6 Pin=J8-17
Added Pin To Net: NetName=PA5 Pin=J8-18
Added Pin To Net: NetName=PA4 Pin=J8-19
Added Pin To Net: NetName=PA3 Pin=J8-20
Added Member To Class: ClassName=MCU_ Member=Component U5 STM32F103C8T6
