Removed Pin From Net: NetName=+3V3 Pin=C14-2
Removed Pin From Net: NetName=+3V3 Pin=C15-2
Removed Pin From Net: NetName=+3V3 Pin=C16-2
Removed Pin From Net: NetName=+3V3 Pin=C17-2
Removed Pin From Net: NetName=+3V3 Pin=C18-2
Removed Pin From Net: NetName=+3V3 Pin=C19-2
Removed Pin From Net: NetName=+3V3 Pin=D1-2
Removed Pin From Net: NetName=+3V3 Pin=D2-2
Removed Pin From Net: NetName=+3V3 Pin=D3-2
Removed Pin From Net: NetName=+3V3 Pin=J7-1
Removed Pin From Net: NetName=+3V3 Pin=J7-2
Removed Pin From Net: NetName=+3V3 Pin=R4-2
Removed Pin From Net: NetName=+3V3 Pin=R5-2
Removed Pin From Net: NetName=+3V3 Pin=R6-2
Removed Pin From Net: NetName=+3V3 Pin=R11-2
Removed Pin From Net: NetName=+3V3 Pin=U5-9
Removed Pin From Net: NetName=+3V3 Pin=U5-24
Removed Pin From Net: NetName=+3V3 Pin=U5-36
Removed Pin From Net: NetName=+3V3 Pin=U5-48
Added Pin To Net: NetName=GND Pin=J6-11
Added Pin To Net: NetName=GND Pin=J6-12
Added Pin To Net: NetName=GND Pin=J6-13
Added Pin To Net: NetName=GND Pin=J6-14
Added Pin To Net: NetName=GND Pin=J6-15
Added Pin To Net: NetName=GND Pin=J6-16
Added Pin To Net: NetName=GND Pin=J6-17
Added Pin To Net: NetName=GND Pin=J6-18
Added Pin To Net: NetName=GND Pin=J6-19
Added Pin To Net: NetName=GND Pin=J6-20
Added Pin To Net: NetName=GND Pin=J8-1
Added Pin To Net: NetName=GND Pin=J8-2
Added Pin To Net: NetName=GND Pin=J8-3
Added Pin To Net: NetName=GND Pin=J8-4
Added Pin To Net: NetName=GND Pin=J8-5
Added Pin To Net: NetName=GND Pin=J8-6
Added Pin To Net: NetName=GND Pin=J8-7
Added Pin To Net: NetName=GND Pin=J8-8
Added Pin To Net: NetName=GND Pin=J8-9
