Change Component DesignItemId : Designator=L1 Old DesignItemId=IND  12.3x12.3mm 68uH ±20% 140mO_1 New DesignItemId=IND  12.3x12.3mm 68uH ±20% 140mO_1
Change Component Designator: OldDesignator=R? NewDesignator=R11
Change Component Description : Designator=J9 Old Description=1.8A USB 2.0 1 Horizontal attachment 5P Mother -20?~+85? Micro-B SMD USB Connectors ROHS New Description=1.8A USB 2.0 1 Horizontal attachment 5P Mother -20?~+85? Micro-B SMD USB Connectors ROHS
Change Component Description : Designator=L1 Old Description=2.1A 68uH ±20% 140mO SMD,12.3x12.3mm Inductors (SMD) ROHS New Description=2.1A 68uH ±20% 140mO SMD,12.3x12.3mm Inductors (SMD) ROHS
Change Component Description : Designator=J7 Old Description=2.54mm 2.54mm Double Row 2.5A 6P -40?~+105? Direct Insert 2x3P Top 8.5mm Square Hole Plugin,P=2.54mm Female Headers ROHS New Description=2.54mm 2.54mm Double Row 2.5A 6P -40?~+105? Direct Insert 2x3P Top 8.5mm Square Hole Plugin,P=2.54mm Female Headers ROHS
Added Component: Designator=C23(CAP 0603)
Add component. Clean all parameters for all variants
Add component (AddParameter): Name = "Capacitance"; Value = "100nF"; VariantName = "[No Variations]"
Add component (AddParameter): Name = "Case/Package"; Value = "0603"; VariantName = "[No Variations]"
Add component (AddParameter): Name = "Case Code (Imperial)"; Value = "0603"; VariantName = "[No Variations]"
Add component (AddParameter): Name = "Case Code (Metric)"; Value = "1608"; VariantName = "[No Variations]"
Add component (AddParameter): Name = "ComponentLink1Description"; Value = "https://datasheet.ciiva.com/25803/cl10b104kb8nnnc-25803393.pdf?src-supplier=Digikey"; VariantName = "[No Variations]"
Add component (AddParameter): Name = "ComponentLink1URL"; Value = "https://datasheet.ciiva.com/25803/cl10b104kb8nnnc-25803393.pdf?src-supplier=Digikey"; VariantName = "[No Variations]"
Add component (AddParameter): Name = "ComponentLink2Description"; Value = "https://datasheet.ciiva.com/26838/getdatasheetpartid-89097-26838411.pdf?src-supplier=Verical"; VariantName = "[No Variations]"
Add component (AddParameter): Name = "ComponentLink2URL"; Value = "https://datasheet.ciiva.com/26838/getdatasheetpartid-89097-26838411.pdf?src-supplier=Verical"; VariantName = "[No Variations]"
Add component (AddParameter): Name = "ComponentLink3Description"; Value = "https://datasheet.ciiva.com/29198/456651-da-01-en-vs-kondensator-0605-29198839.pdf?src-supplier=Conrad"; VariantName = "[No Variations]"
Add component (AddParameter): Name = "ComponentLink3URL"; Value = "https://datasheet.ciiva.com/29198/456651-da-01-en-vs-kondensator-0605-29198839.pdf?src-supplier=Conrad"; VariantName = "[No Variations]"
Add component (AddParameter): Name = "Construction"; Value = "Flat"; VariantName = "[No Variations]"
Add component (AddParameter): Name = "Depth"; Value = "0.8mm"; VariantName = "[No Variations]"
Add component (AddParameter): Name = "Dielectric"; Value = "X7R"; VariantName = "[No Variations]"
Add component (AddParameter): Name = "Height"; Value = "0.8mm"; VariantName = "[No Variations]"
Add component (AddParameter): Name = "Lead Free"; Value = "Lead Free"; VariantName = "[No Variations]"
Add component (AddParameter): Name = "Length"; Value = "1.6mm"; VariantName = "[No Variations]"
Add component (AddParameter): Name = "Manufacturer 1"; Value = "Samsung"; VariantName = "[No Variations]"
Add component (AddParameter): Name = "Manufacturer 2"; Value = "Samsung"; VariantName = "[No Variations]"
Add component (AddParameter): Name = "Manufacturer Part Number 1"; Value = "CL10B104KB8NNNC"; VariantName = "[No Variations]"
Add component (AddParameter): Name = "Manufacturer Part Number 2"; Value = "CL10B104KB8NNNC"; VariantName = "[No Variations]"
Add component (AddParameter): Name = "Material"; Value = "Ceramic"; VariantName = "[No Variations]"
Add component (AddParameter): Name = "Max Operating Temperature"; Value = "125°C"; VariantName = "[No Variations]"
Add component (AddParameter): Name = "Min Operating Temperature"; Value = "-55°C"; VariantName = "[No Variations]"
Add component (AddParameter): Name = "Mount"; Value = "Surface Mount"; VariantName = "[No Variations]"
Add component (AddParameter): Name = "Package Quantity"; Value = "1"; VariantName = "[No Variations]"
Add component (AddParameter): Name = "Packaging"; Value = "Tape and Reel"; VariantName = "[No Variations]"
Add component (AddParameter): Name = "Pricing 1"; Value = "4000 = 0.00562, 8000 = 0.00513, 12000 = 0.00489, 28000 = 0.00464, 100000 = 0.00336, 200000 = 0.00325, 400000 = 0.00306 (USD)"; VariantName = "[No Variations]"
Add component (AddParameter): Name = "Radiation Hardening"; Value = "No"; VariantName = "[No Variations]"
Add component (AddParameter): Name = "RoHS"; Value = "Yes"; VariantName = "[No Variations]"
Add component (AddParameter): Name = "RoHS Compliant"; Value = "Yes"; VariantName = "[No Variations]"
Add component (AddParameter): Name = "Series"; Value = "CL"; VariantName = "[No Variations]"
Add component (AddParameter): Name = "Stock 1"; Value = "6418947"; VariantName = "[No Variations]"
Add component (AddParameter): Name = "Supplier 1"; Value = "Digikey"; VariantName = "[No Variations]"
Add component (AddParameter): Name = "Supplier 2"; Value = "LCSC"; VariantName = "[No Variations]"
Add component (AddParameter): Name = "Supplier Part Number 1"; Value = "1276-1000-2-ND"; VariantName = "[No Variations]"
Add component (AddParameter): Name = "Supplier Part Number 2"; Value = "C1591"; VariantName = "[No Variations]"
Add component (AddParameter): Name = "Thickness"; Value = "0.035inch"; VariantName = "[No Variations]"
Add component (AddParameter): Name = "Tolerance"; Value = "10%"; VariantName = "[No Variations]"
Add component (AddParameter): Name = "value"; Value = "100nF"; VariantName = "[No Variations]"
Add component (AddParameter): Name = "Voltage"; Value = "50V"; VariantName = "[No Variations]"
Add component (AddParameter): Name = "Voltage Rating"; Value = "50V"; VariantName = "[No Variations]"
Add component (AddParameter): Name = "Voltage Rating (DC)"; Value = "50V"; VariantName = "[No Variations]"
Add component (AddParameter): Name = "Width"; Value = "0.031inch"; VariantName = "[No Variations]"
Added Component: Designator=J10(DC Socket)
Add component. Clean all parameters for all variants
Add component (AddParameter): Name = "Manufacture"; Value = "XUNPU"; VariantName = "[No Variations]"
Add component (AddParameter): Name = "Manufacture Part Number"; Value = "DC-005-A250"; VariantName = "[No Variations]"
Add component (AddParameter): Name = "Supplier 2"; Value = "LCSC"; VariantName = "[No Variations]"
Add component (AddParameter): Name = "Supplier Part Number 2"; Value = "C720558"; VariantName = "[No Variations]"
Added Pin To Net: NetName=VIN Pin=C23-1
Added Pin To Net: NetName=GND Pin=C23-2
Added Pin To Net: NetName=VIN Pin=J10-1
Added Pin To Net: NetName=GND Pin=J10-2
Added Pin To Net: NetName=GND Pin=J10-3
Added Member To Class: ClassName=Bluetooth and OLED Display Member=Component C1 100nF
Added Member To Class: ClassName=Bluetooth and OLED Display Member=Component C2 100nF
Added Member To Class: ClassName=Buck Converter and LDO Member=Component C3 100nF
Added Member To Class: ClassName=Buck Converter and LDO Member=Component C4 10uF
Added Member To Class: ClassName=Buck Converter and LDO Member=Component C5 100nF
Added Member To Class: ClassName=Buck Converter and LDO Member=Component C8 10uF
Added Member To Class: ClassName=EEPROM and Temperature Sensor Member=Component C10 100nF
Added Member To Class: ClassName=EEPROM and Temperature Sensor Member=Component C11 100nF
Added Member To Class: ClassName=MCU_ Member=Component C12 10pF
Added Member To Class: ClassName=MCU_ Member=Component C13 10pF
Added Member To Class: ClassName=MCU_ Member=Component C14 10 nF
Added Member To Class: ClassName=MCU_ Member=Component C15 1 uF
Added Member To Class: ClassName=MCU_ Member=Component C16 4.7uF
Added Member To Class: ClassName=MCU_ Member=Component C17 100nF
Added Member To Class: ClassName=MCU_ Member=Component C18 100nF
Added Member To Class: ClassName=MCU_ Member=Component C19 100nF
Added Member To Class: ClassName=MCU_ Member=Component C20 10pF
Added Member To Class: ClassName=MCU_ Member=Component C21 10pF
Added Member To Class: ClassName=MCU_ Member=Component C22 100nF
Added Member To Class: ClassName=Buck Converter and LDO Member=Component C23 100nF
Added Member To Class: ClassName=MCU_ Member=Component D1 LED GREEN
Added Member To Class: ClassName=MCU_ Member=Component D2 LED GREEN
Added Member To Class: ClassName=MCU_ Member=Component D3 LED GREEN
Added Member To Class: ClassName=MCU_ Member=Component D4 TPUSBLC6-2SC6
Added Member To Class: ClassName=Bluetooth and OLED Display Member=Component J2 Bluetooth Female Header
Added Member To Class: ClassName=EEPROM and Temperature Sensor Member=Component J3 Connector 3 Position
Added Member To Class: ClassName=EEPROM and Temperature Sensor Member=Component J4 Connector 3 Position
Added Member To Class: ClassName=MCU_ Member=Component J5 POGO Pins
Added Member To Class: ClassName=MCU_ Member=Component J6 Connector Pinheader Female 10x2
Added Member To Class: ClassName=MCU_ Member=Component J7 BOOT0 and BOOT 1 connector
Added Member To Class: ClassName=MCU_ Member=Component J8 Connector Pinheader Female 10x2
Added Member To Class: ClassName=MCU_ Member=Component J9 Connector USB MICRO
Added Member To Class: ClassName=Buck Converter and LDO Member=Component J10 DC Socket
Added Member To Class: ClassName=Buck Converter and LDO Member=Component L1 68uH
Added Member To Class: ClassName=Buck Converter and LDO Member=Component R1 100K
Added Member To Class: ClassName=Buck Converter and LDO Member=Component R2 13K3
Added Member To Class: ClassName=MCU_ Member=Component R3 1kR
Added Member To Class: ClassName=MCU_ Member=Component R4 10kR
Added Member To Class: ClassName=MCU_ Member=Component R5 4.7kR
Added Member To Class: ClassName=MCU_ Member=Component R6 4.7kR
Added Member To Class: ClassName=MCU_ Member=Component R7 1kR
Added Member To Class: ClassName=MCU_ Member=Component R8 1kR
Added Member To Class: ClassName=MCU_ Member=Component R9 10kR
Added Member To Class: ClassName=MCU_ Member=Component R10 10kR
Added Member To Class: ClassName=MCU_ Member=Component R11 4.7kR
Added Member To Class: ClassName=MCU_ Member=Component SB1 TS-1187A-B-A-B
Added Member To Class: ClassName=Buck Converter and LDO Member=Component U1 TPS54202
Added Member To Class: ClassName=Buck Converter and LDO Member=Component U2 AMS1117-3.3
Added Member To Class: ClassName=EEPROM and Temperature Sensor Member=Component U3 HDC1080
Added Member To Class: ClassName=EEPROM and Temperature Sensor Member=Component U4 M24M01-RMN6TP
Added Member To Class: ClassName=MCU_ Member=Component U5 STM32F103C8T6
Added Member To Class: ClassName=MCU_ Member=Component XBT1 VBAT
Added Member To Class: ClassName=MCU_ Member=Component Y1 32.768kHz
Added Member To Class: ClassName=MCU_ Member=Component Y2 Crystal 10pF ±10ppm ±15ppm SMD3225
Added Room: Name=Bluetooth and OLED Display
Added Room: Name=Buck Converter and LDO
Added Room: Name=EEPROM and Temperature Sensor
Added Room: Name=MCU_
