Change Component DesignItemId : Designator=L1 Old DesignItemId=IND  12.3x12.3mm 68uH ±20% 140mO_1 New DesignItemId=IND  12.3x12.3mm 68uH ±20% 140mO_1
Change Component Description : Designator=J1 Old Description=- Display: 0.95" Inch 7 Pin Colorful 65K SPI OLED Display Module SSD1331 9664 Resolution For 51 STM32 Arduino
- Connector: Direct Insert Policy 2.5mm 7P 6mm -40?~+105? 3mm 2.54mm Single Row Black Brass 1x7P Plugin,P=2.54mm Pin Headers ROHS New Description=- Display: 0.95" Inch 7 Pin Colorful 65K SPI OLED Display Module SSD1331 9664 Resolution For 51 STM32 Arduino
- Connector: Direct Insert Policy 2.5mm 7P 6mm -40?~+105? 3mm 2.54mm Single Row Black Brass 1x7P Plugin,P=2.54mm Pin Headers ROHS
Change Component Description : Designator=J9 Old Description=1.8A USB 2.0 1 Horizontal attachment 5P Mother -20?~+85? Micro-B SMD USB Connectors ROHS New Description=1.8A USB 2.0 1 Horizontal attachment 5P Mother -20?~+85? Micro-B SMD USB Connectors ROHS
Change Component Description : Designator=L1 Old Description=2.1A 68uH ±20% 140mO SMD,12.3x12.3mm Inductors (SMD) ROHS New Description=2.1A 68uH ±20% 140mO SMD,12.3x12.3mm Inductors (SMD) ROHS
Change Component Description : Designator=J3 Old Description=2.54mm 2.54mm Double Row 2.5A 6P -40?~+105? Direct Insert 2x3P Top 8.5mm Square Hole Plugin,P=2.54mm Female Headers ROHS New Description=2.54mm 2.54mm Double Row 2.5A 6P -40?~+105? Direct Insert 2x3P Top 8.5mm Square Hole Plugin,P=2.54mm Female Headers ROHS
Change Component Description : Designator=J7 Old Description=2.54mm 2.54mm Double Row 2.5A 6P -40?~+105? Direct Insert 2x3P Top 8.5mm Square Hole Plugin,P=2.54mm Female Headers ROHS New Description=2.54mm 2.54mm Double Row 2.5A 6P -40?~+105? Direct Insert 2x3P Top 8.5mm Square Hole Plugin,P=2.54mm Female Headers ROHS
Change Component Description : Designator=J10 Old Description=Bend-in DC Power Receptacle -20?~+70? 2.5mm 6.3mm 3A 30V Plugin DC Power Connectors ROHS New Description=Bend-in DC Power Receptacle -20?~+70? 2.5mm 6.3mm 3A 30V Plugin DC Power Connectors ROHS
Change Net Name : Old Net Name=NetJ1_3 New Net Name=CLK
Change Net Name : Old Net Name=NetJ1_4 New Net Name=MOSI
Change Net Name : Old Net Name=NetJ1_5 New Net Name=RST
Change Net Name : Old Net Name=NetJ1_6 New Net Name=DC
Change Net Name : Old Net Name=NetJ1_7 New Net Name=CS
Change Net Name : Old Net Name=NetJ2_4 New Net Name=USART1_RX
Change Net Name : Old Net Name=NetJ2_5 New Net Name=USART1_TX
Change Net Name : Old Net Name=NetR5_1 New Net Name=SDA-2
Change Net Name : Old Net Name=NetR6_1 New Net Name=SCL-2
Change Net Name : Old Net Name=NetU4_7 New Net Name=W\C\
Change Net Color : Old Net Color=RGB(158, 161, 117) New Net Color=RGB(110, 110, 255)
Change Net Color : Old Net Color=RGB(158, 161, 117) New Net Color=RGB(110, 110, 255)
Change Net Color : Old Net Color=RGB(158, 161, 117) New Net Color=RGB(110, 110, 255)
Change Net Color : Old Net Color=RGB(158, 161, 117) New Net Color=RGB(110, 110, 255)
Change Net Color : Old Net Color=RGB(158, 161, 117) New Net Color=RGB(110, 110, 255)
Change Net Color : Old Net Color=RGB(158, 161, 117) New Net Color=RGB(110, 110, 255)
Change Net Color : Old Net Color=RGB(158, 161, 117) New Net Color=RGB(110, 110, 255)
Change Net Color : Old Net Color=RGB(158, 161, 117) New Net Color=RGB(110, 110, 255)
