Removed Pin From Net: NetName=+3V3 Pin=J3-1
Removed Pin From Net: NetName=E1 Pin=J3-2
Removed Pin From Net: NetName=GND Pin=J3-3
Removed Pin From Net: NetName=+3V3 Pin=J4-1
Removed Pin From Net: NetName=E2 Pin=J4-2
Removed Pin From Net: NetName=GND Pin=J4-3
Removed Member From Class: ClassName=EEPROM and Temperature Sensor Member=J3
Removed Member From Class: ClassName=EEPROM and Temperature Sensor Member=J4
Added Component: Designator=J?(2X3 Female Pin Header Connector)
Add component. Clean all parameters for all variants
Add component (AddParameter): Name = "Manufacture"; Value = "ZHOURI"; VariantName = "[No Variations]"
Add component (AddParameter): Name = "Manufacture Part Number"; Value = "PM2.54-2*3"; VariantName = "[No Variations]"
Add component (AddParameter): Name = "Supplier 2"; Value = "LCSC"; VariantName = "[No Variations]"
Add component (AddParameter): Name = "Supplier Part Number 2"; Value = "C5116527"; VariantName = "[No Variations]"
Added Pin To Net: NetName=+3V3 Pin=J?-1
Added Pin To Net: NetName=+3V3 Pin=J?-2
Added Pin To Net: NetName=E1 Pin=J?-3
Added Pin To Net: NetName=E2 Pin=J?-4
Added Pin To Net: NetName=GND Pin=J?-5
Added Pin To Net: NetName=GND Pin=J?-6
Added Member To Class: ClassName=EEPROM and Temperature Sensor Member=Component J? EEPROM Address Selection
Added Room: Name=Bluetooth and OLED Display
Added Room: Name=Buck Converter and LDO
Added Room: Name=EEPROM and Temperature Sensor
Added Room: Name=MCU_
